2015-12-30 10:45:42.995 [main] INFO  com.mm.dev.DevApplication - Starting DevApplication on guofengdeMacBook-Pro.local with PID 1512 (/Users/guofeng/Desktop/develop/guofeng/work-1/mybatis/target/classes started by guofeng in /Users/guofeng/Desktop/develop/guofeng/work-1/mybatis)
2015-12-30 10:45:42.998 [main] DEBUG com.mm.dev.DevApplication - Running with Spring Boot v1.2.2.RELEASE, Spring v4.1.5.RELEASE
2015-12-30 10:45:43.047 [main] INFO  org.springframework.boot.context.embedded.AnnotationConfigEmbeddedWebApplicationContext - Refreshing org.springframework.boot.context.embedded.AnnotationConfigEmbeddedWebApplicationContext@21be3395: startup date [Wed Dec 30 10:45:43 CST 2015]; root of context hierarchy
2015-12-30 10:45:44.445 [main] WARN  org.mybatis.spring.mapper.ClassPathMapperScanner - Cannot use both: sqlSessionTemplate and sqlSessionFactory together. sqlSessionFactory is ignored.
2015-12-30 10:45:44.453 [main] INFO  org.springframework.beans.factory.support.DefaultListableBeanFactory - Overriding bean definition for bean 'redisTemplate': replacing [Root bean: class [null]; scope=; abstract=false; lazyInit=false; autowireMode=3; dependencyCheck=0; autowireCandidate=true; primary=false; factoryBeanName=mongodbConfig; factoryMethodName=redisTemplate; initMethodName=null; destroyMethodName=(inferred); defined in class path resource [com/mm/dev/config/MongodbConfig.class]] with [Root bean: class [null]; scope=; abstract=false; lazyInit=false; autowireMode=3; dependencyCheck=0; autowireCandidate=true; primary=false; factoryBeanName=redisConfig; factoryMethodName=redisTemplate; initMethodName=null; destroyMethodName=(inferred); defined in class path resource [com/mm/dev/config/RedisConfig.class]]
2015-12-30 10:45:44.454 [main] INFO  org.springframework.beans.factory.support.DefaultListableBeanFactory - Overriding bean definition for bean 'sessionRedisTemplate': replacing [Root bean: class [null]; scope=; abstract=false; lazyInit=false; autowireMode=3; dependencyCheck=0; autowireCandidate=true; primary=false; factoryBeanName=org.springframework.session.data.redis.config.annotation.web.http.RedisHttpSessionConfiguration; factoryMethodName=sessionRedisTemplate; initMethodName=null; destroyMethodName=(inferred); defined in class path resource [org/springframework/session/data/redis/config/annotation/web/http/RedisHttpSessionConfiguration.class]] with [Root bean: class [null]; scope=; abstract=false; lazyInit=false; autowireMode=3; dependencyCheck=0; autowireCandidate=true; primary=false; factoryBeanName=redisConfig; factoryMethodName=sessionRedisTemplate; initMethodName=null; destroyMethodName=(inferred); defined in class path resource [com/mm/dev/config/RedisConfig.class]]
2015-12-30 10:45:44.455 [main] INFO  org.springframework.beans.factory.support.DefaultListableBeanFactory - Overriding bean definition for bean 'sessionRepository': replacing [Root bean: class [null]; scope=; abstract=false; lazyInit=false; autowireMode=3; dependencyCheck=0; autowireCandidate=true; primary=false; factoryBeanName=org.springframework.session.data.redis.config.annotation.web.http.RedisHttpSessionConfiguration; factoryMethodName=sessionRepository; initMethodName=null; destroyMethodName=(inferred); defined in class path resource [org/springframework/session/data/redis/config/annotation/web/http/RedisHttpSessionConfiguration.class]] with [Root bean: class [null]; scope=; abstract=false; lazyInit=false; autowireMode=3; dependencyCheck=0; autowireCandidate=true; primary=false; factoryBeanName=redisConfig; factoryMethodName=sessionRepository; initMethodName=null; destroyMethodName=(inferred); defined in class path resource [com/mm/dev/config/RedisConfig.class]]
2015-12-30 10:45:44.455 [main] INFO  org.springframework.beans.factory.support.DefaultListableBeanFactory - Overriding bean definition for bean 'springSessionRepositoryFilter': replacing [Root bean: class [null]; scope=; abstract=false; lazyInit=false; autowireMode=3; dependencyCheck=0; autowireCandidate=true; primary=false; factoryBeanName=org.springframework.session.data.redis.config.annotation.web.http.RedisHttpSessionConfiguration; factoryMethodName=springSessionRepositoryFilter; initMethodName=null; destroyMethodName=(inferred); defined in class path resource [org/springframework/session/data/redis/config/annotation/web/http/RedisHttpSessionConfiguration.class]] with [Root bean: class [null]; scope=; abstract=false; lazyInit=false; autowireMode=3; dependencyCheck=0; autowireCandidate=true; primary=false; factoryBeanName=redisConfig; factoryMethodName=springSessionRepositoryFilter; initMethodName=null; destroyMethodName=(inferred); defined in class path resource [com/mm/dev/config/RedisConfig.class]]
2015-12-30 10:45:44.735 [main] INFO  org.springframework.beans.factory.support.DefaultListableBeanFactory - Overriding bean definition for bean 'beanNameViewResolver': replacing [Root bean: class [null]; scope=; abstract=false; lazyInit=false; autowireMode=3; dependencyCheck=0; autowireCandidate=true; primary=false; factoryBeanName=org.springframework.boot.autoconfigure.web.ErrorMvcAutoConfiguration$WhitelabelErrorViewConfiguration; factoryMethodName=beanNameViewResolver; initMethodName=null; destroyMethodName=(inferred); defined in class path resource [org/springframework/boot/autoconfigure/web/ErrorMvcAutoConfiguration$WhitelabelErrorViewConfiguration.class]] with [Root bean: class [null]; scope=; abstract=false; lazyInit=false; autowireMode=3; dependencyCheck=0; autowireCandidate=true; primary=false; factoryBeanName=org.springframework.boot.autoconfigure.web.WebMvcAutoConfiguration$WebMvcAutoConfigurationAdapter; factoryMethodName=beanNameViewResolver; initMethodName=null; destroyMethodName=(inferred); defined in class path resource [org/springframework/boot/autoconfigure/web/WebMvcAutoConfiguration$WebMvcAutoConfigurationAdapter.class]]
2015-12-30 10:45:45.128 [main] INFO  org.springframework.beans.factory.config.PropertiesFactoryBean - Loading properties file from URL [jar:file:/Users/guofeng/Desktop/develop/repository/org/springframework/integration/spring-integration-core/4.1.2.RELEASE/spring-integration-core-4.1.2.RELEASE.jar!/META-INF/spring.integration.default.properties]
2015-12-30 10:45:45.134 [main] INFO  org.springframework.integration.config.IntegrationRegistrar - No bean named 'integrationHeaderChannelRegistry' has been explicitly defined. Therefore, a default DefaultHeaderChannelRegistry will be created.
2015-12-30 10:45:45.567 [main] INFO  org.springframework.integration.config.DefaultConfiguringBeanFactoryPostProcessor - No bean named 'errorChannel' has been explicitly defined. Therefore, a default PublishSubscribeChannel will be created.
2015-12-30 10:45:45.586 [main] INFO  org.springframework.integration.config.DefaultConfiguringBeanFactoryPostProcessor - No bean named 'taskScheduler' has been explicitly defined. Therefore, a default ThreadPoolTaskScheduler will be created.
2015-12-30 10:45:45.614 [main] INFO  org.springframework.beans.factory.annotation.AutowiredAnnotationBeanPostProcessor - JSR-330 'javax.inject.Inject' annotation found and supported for autowiring
2015-12-30 10:45:45.698 [main] INFO  org.hibernate.validator.internal.util.Version - HV000001: Hibernate Validator 5.1.3.Final
2015-12-30 10:45:45.912 [main] INFO  org.springframework.context.support.PostProcessorRegistrationDelegate$BeanPostProcessorChecker - Bean 'org.springframework.scheduling.annotation.SchedulingConfiguration' of type [class org.springframework.scheduling.annotation.SchedulingConfiguration$$EnhancerBySpringCGLIB$$b9efc094] is not eligible for getting processed by all BeanPostProcessors (for example: not eligible for auto-proxying)
2015-12-30 10:45:45.947 [main] INFO  org.springframework.context.support.PostProcessorRegistrationDelegate$BeanPostProcessorChecker - Bean 'org.springframework.jms.annotation.JmsBootstrapConfiguration' of type [class org.springframework.jms.annotation.JmsBootstrapConfiguration$$EnhancerBySpringCGLIB$$f8158b1c] is not eligible for getting processed by all BeanPostProcessors (for example: not eligible for auto-proxying)
2015-12-30 10:45:46.018 [main] INFO  org.springframework.context.support.PostProcessorRegistrationDelegate$BeanPostProcessorChecker - Bean 'dataSourceConfig' of type [class com.mm.dev.config.DataSourceConfig$$EnhancerBySpringCGLIB$$7a197877] is not eligible for getting processed by all BeanPostProcessors (for example: not eligible for auto-proxying)
2015-12-30 10:45:46.158 [main] INFO  org.springframework.context.support.PostProcessorRegistrationDelegate$BeanPostProcessorChecker - Bean 'dataSource' of type [class com.alibaba.druid.pool.DruidDataSource] is not eligible for getting processed by all BeanPostProcessors (for example: not eligible for auto-proxying)
2015-12-30 10:45:46.624 [main] INFO  org.springframework.context.support.PostProcessorRegistrationDelegate$BeanPostProcessorChecker - Bean 'sqlSessionFactory' of type [class org.apache.ibatis.session.defaults.DefaultSqlSessionFactory] is not eligible for getting processed by all BeanPostProcessors (for example: not eligible for auto-proxying)
2015-12-30 10:45:46.661 [main] INFO  org.springframework.context.support.PostProcessorRegistrationDelegate$BeanPostProcessorChecker - Bean 'sqlSessionTemplate' of type [class org.mybatis.spring.SqlSessionTemplate] is not eligible for getting processed by all BeanPostProcessors (for example: not eligible for auto-proxying)
2015-12-30 10:45:46.662 [main] INFO  org.springframework.context.support.PostProcessorRegistrationDelegate$BeanPostProcessorChecker - Bean 'userMapper' of type [class org.mybatis.spring.mapper.MapperFactoryBean] is not eligible for getting processed by all BeanPostProcessors (for example: not eligible for auto-proxying)
2015-12-30 10:45:46.689 [main] INFO  org.springframework.context.support.PostProcessorRegistrationDelegate$BeanPostProcessorChecker - Bean 'webServiceConfig' of type [class com.mm.dev.ws.WebServiceConfig$$EnhancerBySpringCGLIB$$82f3b879] is not eligible for getting processed by all BeanPostProcessors (for example: not eligible for auto-proxying)
2015-12-30 10:45:46.722 [main] INFO  org.springframework.context.support.PostProcessorRegistrationDelegate$BeanPostProcessorChecker - Bean 'org.springframework.ws.config.annotation.DelegatingWsConfiguration' of type [class org.springframework.ws.config.annotation.DelegatingWsConfiguration$$EnhancerBySpringCGLIB$$37894e98] is not eligible for getting processed by all BeanPostProcessors (for example: not eligible for auto-proxying)
2015-12-30 10:45:46.829 [main] INFO  org.springframework.ws.soap.addressing.server.AnnotationActionEndpointMapping - Supporting [WS-Addressing August 2004, WS-Addressing 1.0]
2015-12-30 10:45:47.066 [main] INFO  org.springframework.context.support.PostProcessorRegistrationDelegate$BeanPostProcessorChecker - Bean 'org.springframework.cache.annotation.ProxyCachingConfiguration' of type [class org.springframework.cache.annotation.ProxyCachingConfiguration$$EnhancerBySpringCGLIB$$b0f807d7] is not eligible for getting processed by all BeanPostProcessors (for example: not eligible for auto-proxying)
2015-12-30 10:45:47.112 [main] INFO  org.springframework.context.support.PostProcessorRegistrationDelegate$BeanPostProcessorChecker - Bean 'cacheOperationSource' of type [class org.springframework.cache.annotation.AnnotationCacheOperationSource] is not eligible for getting processed by all BeanPostProcessors (for example: not eligible for auto-proxying)
2015-12-30 10:45:47.138 [main] INFO  org.springframework.context.support.PostProcessorRegistrationDelegate$BeanPostProcessorChecker - Bean 'cacheInterceptor' of type [class org.springframework.cache.interceptor.CacheInterceptor] is not eligible for getting processed by all BeanPostProcessors (for example: not eligible for auto-proxying)
2015-12-30 10:45:47.150 [main] INFO  org.springframework.context.support.PostProcessorRegistrationDelegate$BeanPostProcessorChecker - Bean 'org.springframework.cache.config.internalCacheAdvisor' of type [class org.springframework.cache.interceptor.BeanFactoryCacheOperationSourceAdvisor] is not eligible for getting processed by all BeanPostProcessors (for example: not eligible for auto-proxying)
2015-12-30 10:45:47.244 [main] INFO  org.springframework.context.support.PostProcessorRegistrationDelegate$BeanPostProcessorChecker - Bean 'org.springframework.transaction.annotation.ProxyTransactionManagementConfiguration' of type [class org.springframework.transaction.annotation.ProxyTransactionManagementConfiguration$$EnhancerBySpringCGLIB$$499a3d79] is not eligible for getting processed by all BeanPostProcessors (for example: not eligible for auto-proxying)
2015-12-30 10:45:47.282 [main] INFO  org.springframework.context.support.PostProcessorRegistrationDelegate$BeanPostProcessorChecker - Bean 'transactionAttributeSource' of type [class org.springframework.transaction.annotation.AnnotationTransactionAttributeSource] is not eligible for getting processed by all BeanPostProcessors (for example: not eligible for auto-proxying)
2015-12-30 10:45:47.301 [main] INFO  org.springframework.context.support.PostProcessorRegistrationDelegate$BeanPostProcessorChecker - Bean 'transactionInterceptor' of type [class org.springframework.transaction.interceptor.TransactionInterceptor] is not eligible for getting processed by all BeanPostProcessors (for example: not eligible for auto-proxying)
2015-12-30 10:45:47.309 [main] INFO  org.springframework.context.support.PostProcessorRegistrationDelegate$BeanPostProcessorChecker - Bean 'org.springframework.transaction.config.internalTransactionAdvisor' of type [class org.springframework.transaction.interceptor.BeanFactoryTransactionAttributeSourceAdvisor] is not eligible for getting processed by all BeanPostProcessors (for example: not eligible for auto-proxying)
2015-12-30 10:45:47.447 [main] INFO  org.springframework.beans.factory.config.PropertiesFactoryBean - Loading properties file from URL [jar:file:/Users/guofeng/Desktop/develop/repository/org/springframework/integration/spring-integration-core/4.1.2.RELEASE/spring-integration-core-4.1.2.RELEASE.jar!/META-INF/spring.integration.default.properties]
2015-12-30 10:45:47.448 [main] INFO  org.springframework.context.support.PostProcessorRegistrationDelegate$BeanPostProcessorChecker - Bean 'integrationGlobalProperties' of type [class org.springframework.beans.factory.config.PropertiesFactoryBean] is not eligible for getting processed by all BeanPostProcessors (for example: not eligible for auto-proxying)
2015-12-30 10:45:47.450 [main] INFO  org.springframework.context.support.PostProcessorRegistrationDelegate$BeanPostProcessorChecker - Bean 'integrationGlobalProperties' of type [class java.util.Properties] is not eligible for getting processed by all BeanPostProcessors (for example: not eligible for auto-proxying)
2015-12-30 10:45:47.461 [main] INFO  org.springframework.context.support.PostProcessorRegistrationDelegate$BeanPostProcessorChecker - Bean 'messageBuilderFactory' of type [class org.springframework.integration.support.DefaultMessageBuilderFactory] is not eligible for getting processed by all BeanPostProcessors (for example: not eligible for auto-proxying)
2015-12-30 10:45:47.603 [main] INFO  org.springframework.context.support.PostProcessorRegistrationDelegate$BeanPostProcessorChecker - Bean '(inner bean)#1290ed28' of type [class org.springframework.integration.channel.MessagePublishingErrorHandler] is not eligible for getting processed by all BeanPostProcessors (for example: not eligible for auto-proxying)
2015-12-30 10:45:47.609 [main] INFO  org.springframework.scheduling.concurrent.ThreadPoolTaskScheduler - Initializing ExecutorService  'taskScheduler'
2015-12-30 10:45:47.613 [main] INFO  org.springframework.context.support.PostProcessorRegistrationDelegate$BeanPostProcessorChecker - Bean 'taskScheduler' of type [class org.springframework.scheduling.concurrent.ThreadPoolTaskScheduler] is not eligible for getting processed by all BeanPostProcessors (for example: not eligible for auto-proxying)
2015-12-30 10:45:47.615 [main] INFO  org.springframework.context.support.PostProcessorRegistrationDelegate$BeanPostProcessorChecker - Bean 'integrationHeaderChannelRegistry' of type [class org.springframework.integration.channel.DefaultHeaderChannelRegistry] is not eligible for getting processed by all BeanPostProcessors (for example: not eligible for auto-proxying)
2015-12-30 10:45:48.293 [main] INFO  org.springframework.boot.context.embedded.tomcat.TomcatEmbeddedServletContainer - Tomcat initialized with port(s): 9000 (http)
2015-12-30 10:45:48.541 [main] INFO  org.apache.catalina.core.StandardService - Starting service Tomcat
2015-12-30 10:45:48.543 [main] INFO  org.apache.catalina.core.StandardEngine - Starting Servlet Engine: Apache Tomcat/8.0.20
2015-12-30 10:45:48.743 [localhost-startStop-1] INFO  org.apache.catalina.core.ContainerBase.[Tomcat].[localhost].[/] - Initializing Spring embedded WebApplicationContext
2015-12-30 10:45:48.743 [localhost-startStop-1] INFO  org.springframework.web.context.ContextLoader - Root WebApplicationContext: initialization completed in 5697 ms
2015-12-30 10:45:50.563 [localhost-startStop-1] INFO  org.springframework.boot.context.embedded.FilterRegistrationBean - Mapping filter: 'characterEncodingFilter' to: [/*]
2015-12-30 10:45:50.565 [localhost-startStop-1] INFO  org.springframework.boot.context.embedded.FilterRegistrationBean - Mapping filter: 'springSessionRepositoryFilter' to: [/*]
2015-12-30 10:45:50.566 [localhost-startStop-1] INFO  org.springframework.boot.context.embedded.FilterRegistrationBean - Filter characterEncodingFilter was not registered (possibly already registered?)
2015-12-30 10:45:50.566 [localhost-startStop-1] INFO  org.springframework.boot.context.embedded.FilterRegistrationBean - Mapping filter: 'webStatFilter' to urls: [/*]
2015-12-30 10:45:50.566 [localhost-startStop-1] INFO  org.springframework.boot.context.embedded.FilterRegistrationBean - Mapping filter: 'hiddenHttpMethodFilter' to: [/*]
2015-12-30 10:45:50.566 [localhost-startStop-1] INFO  org.springframework.boot.context.embedded.ServletRegistrationBean - Mapping servlet: 'statViewServlet' to [/druid/*]
2015-12-30 10:45:50.573 [localhost-startStop-1] INFO  org.springframework.boot.context.embedded.ServletRegistrationBean - Mapping servlet: 'messageDispatcherServlet' to [/services/*]
2015-12-30 10:45:50.953 [main] INFO  org.springframework.orm.jpa.LocalContainerEntityManagerFactoryBean - Building JPA container EntityManagerFactory for persistence unit 'default'
2015-12-30 10:45:50.970 [main] INFO  org.hibernate.jpa.internal.util.LogHelper - HHH000204: Processing PersistenceUnitInfo [
	name: default
	...]
2015-12-30 10:45:51.104 [main] INFO  org.hibernate.Version - HHH000412: Hibernate Core {4.3.8.Final}
2015-12-30 10:45:51.107 [main] INFO  org.hibernate.cfg.Environment - HHH000206: hibernate.properties not found
2015-12-30 10:45:51.111 [main] INFO  org.hibernate.cfg.Environment - HHH000021: Bytecode provider name : javassist
2015-12-30 10:45:51.522 [main] INFO  org.hibernate.annotations.common.Version - HCANN000001: Hibernate Commons Annotations {4.0.5.Final}
2015-12-30 10:45:59.477 [main] INFO  com.alibaba.druid.pool.DruidDataSource - {dataSource-1} inited
2015-12-30 10:45:59.511 [main] INFO  org.hibernate.dialect.Dialect - HHH000400: Using dialect: org.hibernate.dialect.MySQL5Dialect
2015-12-30 10:45:59.680 [main] INFO  org.hibernate.hql.internal.ast.ASTQueryTranslatorFactory - HHH000397: Using ASTQueryTranslatorFactory
2015-12-30 10:46:00.034 [main] INFO  org.hibernate.tool.hbm2ddl.SchemaUpdate - HHH000228: Running hbm2ddl schema update
2015-12-30 10:46:00.034 [main] INFO  org.hibernate.tool.hbm2ddl.SchemaUpdate - HHH000102: Fetching database metadata
2015-12-30 10:46:00.037 [main] INFO  org.hibernate.tool.hbm2ddl.SchemaUpdate - HHH000396: Updating schema
2015-12-30 10:46:01.118 [main] INFO  org.hibernate.tool.hbm2ddl.TableMetadata - HHH000261: Table found: test.user
2015-12-30 10:46:01.118 [main] INFO  org.hibernate.tool.hbm2ddl.TableMetadata - HHH000037: Columns: [password, id, username]
2015-12-30 10:46:01.118 [main] INFO  org.hibernate.tool.hbm2ddl.TableMetadata - HHH000108: Foreign keys: []
2015-12-30 10:46:01.118 [main] INFO  org.hibernate.tool.hbm2ddl.TableMetadata - HHH000126: Indexes: [primary]
2015-12-30 10:46:01.119 [main] INFO  org.hibernate.tool.hbm2ddl.SchemaUpdate - HHH000232: Schema update complete
2015-12-30 10:46:02.150 [main] INFO  org.springframework.web.servlet.mvc.method.annotation.RequestMappingHandlerMapping - Mapped "{[//],methods=[],params=[],headers=[],consumes=[],produces=[],custom=[]}" onto public java.lang.String com.mm.dev.controller.HelloSpringBootController.sayHello(org.springframework.data.domain.Pageable)
2015-12-30 10:46:02.153 [main] INFO  org.springframework.web.servlet.mvc.method.annotation.RequestMappingHandlerMapping - Mapped "{[/user/i/users/list],methods=[GET],params=[],headers=[],consumes=[],produces=[],custom=[]}" onto public org.springframework.http.ResponseEntity<com.mm.dev.controller.Message> com.mm.dev.controller.UserController.list(org.springframework.data.domain.Pageable)
2015-12-30 10:46:02.153 [main] INFO  org.springframework.web.servlet.mvc.method.annotation.RequestMappingHandlerMapping - Mapped "{[/user/get/token/{token}],methods=[GET],params=[],headers=[],consumes=[],produces=[],custom=[]}" onto public java.lang.Object com.mm.dev.controller.UserController.getToken(java.lang.String)
2015-12-30 10:46:02.153 [main] INFO  org.springframework.web.servlet.mvc.method.annotation.RequestMappingHandlerMapping - Mapped "{[/user/getUserList],methods=[POST],params=[],headers=[],consumes=[],produces=[],custom=[]}" onto public java.lang.Object com.mm.dev.controller.UserController.getUserList(int,int,java.lang.String)
2015-12-30 10:46:02.153 [main] INFO  org.springframework.web.servlet.mvc.method.annotation.RequestMappingHandlerMapping - Mapped "{[/user/login/{username}/{password}],methods=[GET],params=[],headers=[],consumes=[],produces=[],custom=[]}" onto public java.lang.String com.mm.dev.controller.UserController.login(java.lang.String,java.lang.String)
2015-12-30 10:46:02.153 [main] INFO  org.springframework.web.servlet.mvc.method.annotation.RequestMappingHandlerMapping - Mapped "{[/user/getsession],methods=[GET],params=[],headers=[],consumes=[],produces=[],custom=[]}" onto public java.lang.Object com.mm.dev.controller.UserController.getSesssionInfo(javax.servlet.http.HttpServletRequest)
2015-12-30 10:46:02.153 [main] INFO  org.springframework.web.servlet.mvc.method.annotation.RequestMappingHandlerMapping - Mapped "{[/user/updatesession],methods=[GET],params=[],headers=[],consumes=[],produces=[],custom=[]}" onto public java.lang.Object com.mm.dev.controller.UserController.updateSesssionInfo(javax.servlet.http.HttpServletRequest)
2015-12-30 10:46:02.154 [main] INFO  org.springframework.web.servlet.mvc.method.annotation.RequestMappingHandlerMapping - Mapped "{[/user/generatesession],methods=[GET],params=[],headers=[],consumes=[],produces=[],custom=[]}" onto public java.lang.Object com.mm.dev.controller.UserController.generateSesssionInfo(javax.servlet.http.HttpServletRequest)
2015-12-30 10:46:02.154 [main] INFO  org.springframework.web.servlet.mvc.method.annotation.RequestMappingHandlerMapping - Mapped "{[/user/invalidatesession],methods=[GET],params=[],headers=[],consumes=[],produces=[],custom=[]}" onto public java.lang.Object com.mm.dev.controller.UserController.invalidateSesssionInfo(javax.servlet.http.HttpServletRequest)
2015-12-30 10:46:02.154 [main] INFO  org.springframework.web.servlet.mvc.method.annotation.RequestMappingHandlerMapping - Mapped "{[/user/create],methods=[POST],params=[],headers=[],consumes=[],produces=[],custom=[]}" onto public java.lang.String com.mm.dev.controller.UserController.handleUserCreateForm(com.mm.dev.entity.UserCreateForm,org.springframework.validation.BindingResult)
2015-12-30 10:46:02.154 [main] INFO  org.springframework.web.servlet.mvc.method.annotation.RequestMappingHandlerMapping - Mapped "{[/user/i/user/{id}],methods=[GET],params=[],headers=[],consumes=[],produces=[],custom=[]}" onto public com.mm.dev.entity.User com.mm.dev.controller.UserController.findByUserId(long)
2015-12-30 10:46:02.154 [main] INFO  org.springframework.web.servlet.mvc.method.annotation.RequestMappingHandlerMapping - Mapped "{[/user/i/{id}],methods=[GET],params=[],headers=[],consumes=[],produces=[],custom=[]}" onto public org.springframework.http.ResponseEntity<com.mm.dev.entity.User> com.mm.dev.controller.UserController.findById(long)
2015-12-30 10:46:02.155 [main] INFO  org.springframework.web.servlet.mvc.method.annotation.RequestMappingHandlerMapping - Mapped "{[/user/i/users/{id}],methods=[GET],params=[],headers=[],consumes=[],produces=[],custom=[]}" onto public org.springframework.http.ResponseEntity<?> com.mm.dev.controller.UserController.findByUsersId(long)
2015-12-30 10:46:02.155 [main] INFO  org.springframework.web.servlet.mvc.method.annotation.RequestMappingHandlerMapping - Mapped "{[/user/i/uploadImage],methods=[POST],params=[],headers=[],consumes=[],produces=[],custom=[]}" onto public org.springframework.http.ResponseEntity<?> com.mm.dev.controller.UserController.uploadImage(org.springframework.web.multipart.MultipartFile,javax.servlet.http.HttpServletRequest)
2015-12-30 10:46:02.156 [main] INFO  org.springframework.web.servlet.mvc.method.annotation.RequestMappingHandlerMapping - Mapped "{[/user/api/users],methods=[],params=[],headers=[],consumes=[],produces=[],custom=[]}" onto public java.lang.String com.mm.dev.controller.UserController.authorized()
2015-12-30 10:46:02.156 [main] INFO  org.springframework.web.servlet.mvc.method.annotation.RequestMappingHandlerMapping - Mapped "{[/mongo/produce/{value}],methods=[],params=[],headers=[],consumes=[],produces=[],custom=[]}" onto public com.mm.dev.controller.Message com.mm.dev.mongodb.MongoController.produce(java.lang.String)
2015-12-30 10:46:02.157 [main] INFO  org.springframework.web.servlet.mvc.method.annotation.RequestMappingHandlerMapping - Mapped "{[/mq/produce/{value}],methods=[],params=[],headers=[],consumes=[],produces=[],custom=[]}" onto public java.lang.Object com.mm.dev.mq.MqController.produce(java.lang.String)
2015-12-30 10:46:02.160 [main] INFO  org.springframework.web.servlet.mvc.method.annotation.RequestMappingHandlerMapping - Mapped "{[/api-docs],methods=[GET],params=[],headers=[],consumes=[],produces=[],custom=[]}" onto public org.springframework.http.ResponseEntity<com.mangofactory.swagger.models.dto.ResourceListing> com.mangofactory.swagger.controllers.DefaultSwaggerController.getResourceListing(java.lang.String)
2015-12-30 10:46:02.161 [main] INFO  org.springframework.web.servlet.mvc.method.annotation.RequestMappingHandlerMapping - Mapped "{[/api-docs/{swaggerGroup}/{apiDeclaration}],methods=[GET],params=[],headers=[],consumes=[],produces=[],custom=[]}" onto public org.springframework.http.ResponseEntity<com.mangofactory.swagger.models.dto.ApiListing> com.mangofactory.swagger.controllers.DefaultSwaggerController.getApiListing(java.lang.String,java.lang.String)
2015-12-30 10:46:02.165 [main] INFO  org.springframework.web.servlet.mvc.method.annotation.RequestMappingHandlerMapping - Mapped "{[/error],methods=[],params=[],headers=[],consumes=[],produces=[],custom=[]}" onto public org.springframework.http.ResponseEntity<java.util.Map<java.lang.String, java.lang.Object>> org.springframework.boot.autoconfigure.web.BasicErrorController.error(javax.servlet.http.HttpServletRequest)
2015-12-30 10:46:02.165 [main] INFO  org.springframework.web.servlet.mvc.method.annotation.RequestMappingHandlerMapping - Mapped "{[/error],methods=[],params=[],headers=[],consumes=[],produces=[text/html],custom=[]}" onto public org.springframework.web.servlet.ModelAndView org.springframework.boot.autoconfigure.web.BasicErrorController.errorHtml(javax.servlet.http.HttpServletRequest)
2015-12-30 10:46:03.537 [main] INFO  org.springframework.web.servlet.mvc.method.annotation.RequestMappingHandlerAdapter - Looking for @ControllerAdvice: org.springframework.boot.context.embedded.AnnotationConfigEmbeddedWebApplicationContext@21be3395: startup date [Wed Dec 30 10:45:43 CST 2015]; root of context hierarchy
2015-12-30 10:46:04.262 [main] INFO  org.springframework.web.servlet.handler.SimpleUrlHandlerMapping - Mapped URL path [/webjars/**] onto handler of type [class org.springframework.web.servlet.resource.ResourceHttpRequestHandler]
2015-12-30 10:46:04.262 [main] INFO  org.springframework.web.servlet.handler.SimpleUrlHandlerMapping - Mapped URL path [/**] onto handler of type [class org.springframework.web.servlet.resource.ResourceHttpRequestHandler]
2015-12-30 10:46:04.403 [main] INFO  org.springframework.web.servlet.handler.SimpleUrlHandlerMapping - Mapped URL path [/**/favicon.ico] onto handler of type [class org.springframework.web.servlet.resource.ResourceHttpRequestHandler]
2015-12-30 10:46:05.162 [main] INFO  org.springframework.jmx.export.annotation.AnnotationMBeanExporter - Registering beans for JMX exposure on startup
2015-12-30 10:46:05.166 [main] INFO  org.springframework.jmx.export.annotation.AnnotationMBeanExporter - Bean with name 'dataSource' has been autodetected for JMX exposure
2015-12-30 10:46:05.172 [main] INFO  org.springframework.jmx.export.annotation.AnnotationMBeanExporter - Located MBean 'dataSource': registering with JMX server as MBean [com.alibaba.druid.pool:name=dataSource,type=DruidDataSource]
2015-12-30 10:46:05.177 [main] INFO  org.springframework.context.support.DefaultLifecycleProcessor - Starting beans in phase -2147483648
2015-12-30 10:46:05.179 [main] INFO  org.springframework.context.support.DefaultLifecycleProcessor - Starting beans in phase 0
2015-12-30 10:46:05.181 [main] INFO  org.springframework.integration.endpoint.EventDrivenConsumer - Adding {logging-channel-adapter:_org.springframework.integration.errorLogger} as a subscriber to the 'errorChannel' channel
2015-12-30 10:46:05.181 [main] INFO  org.springframework.integration.channel.PublishSubscribeChannel - Channel 'application:9000.errorChannel' has 1 subscriber(s).
2015-12-30 10:46:05.181 [main] INFO  org.springframework.integration.endpoint.EventDrivenConsumer - started _org.springframework.integration.errorLogger
2015-12-30 10:46:05.182 [main] INFO  org.springframework.context.support.DefaultLifecycleProcessor - Starting beans in phase 2147483647
2015-12-30 10:46:05.204 [main] INFO  com.mangofactory.swagger.plugin.SwaggerPluginAdapter - Context refreshed
2015-12-30 10:46:05.206 [main] INFO  com.mangofactory.swagger.plugin.SwaggerPluginAdapter - Found custom SwaggerSpringMvcPlugins
2015-12-30 10:46:05.206 [main] INFO  com.mangofactory.swagger.plugin.SwaggerPluginAdapter - initializing plugin bean customImplementation
2015-12-30 10:46:05.241 [main] INFO  com.mangofactory.swagger.scanners.ApiListingReferenceScanner - Scanning for api listing references
2015-12-30 10:46:05.244 [main] INFO  com.mangofactory.swagger.core.RequestMappingEvaluator - RequestMappingInfo did not match any include patterns: | {[//],methods=[],params=[],headers=[],consumes=[],produces=[],custom=[]}
2015-12-30 10:46:05.253 [main] INFO  com.mangofactory.swagger.core.ClassOrApiAnnotationResourceGrouping - Group for method list was 用户api
2015-12-30 10:46:05.266 [main] INFO  com.mangofactory.swagger.scanners.ApiListingReferenceScanner - Request mapping: list belongs to groups: [[ResourceGroup{groupName='用户api', position=0}]] 
2015-12-30 10:46:05.285 [main] INFO  com.mangofactory.swagger.scanners.ApiListingReferenceScanner - Adding resource to group:ResourceGroup{groupName='用户api', position=0} with description:用户相关 for handler method:list
2015-12-30 10:46:05.307 [main] INFO  com.mangofactory.swagger.core.ClassOrApiAnnotationResourceGrouping - Group for method getToken was 用户api
2015-12-30 10:46:05.333 [main] INFO  com.mangofactory.swagger.scanners.ApiListingReferenceScanner - Request mapping: getToken belongs to groups: [[ResourceGroup{groupName='用户api', position=0}]] 
2015-12-30 10:46:05.335 [main] INFO  com.mangofactory.swagger.scanners.ApiListingReferenceScanner - Adding resource to group:ResourceGroup{groupName='用户api', position=0} with description:用户相关 for handler method:getToken
2015-12-30 10:46:05.341 [main] INFO  com.mangofactory.swagger.core.ClassOrApiAnnotationResourceGrouping - Group for method getUserList was 用户api
2015-12-30 10:46:05.349 [main] INFO  com.mangofactory.swagger.scanners.ApiListingReferenceScanner - Request mapping: getUserList belongs to groups: [[ResourceGroup{groupName='用户api', position=0}]] 
2015-12-30 10:46:05.349 [main] INFO  com.mangofactory.swagger.scanners.ApiListingReferenceScanner - Adding resource to group:ResourceGroup{groupName='用户api', position=0} with description:用户相关 for handler method:getUserList
2015-12-30 10:46:05.349 [main] INFO  com.mangofactory.swagger.core.ClassOrApiAnnotationResourceGrouping - Group for method login was 用户api
2015-12-30 10:46:05.350 [main] INFO  com.mangofactory.swagger.scanners.ApiListingReferenceScanner - Request mapping: login belongs to groups: [[ResourceGroup{groupName='用户api', position=0}]] 
2015-12-30 10:46:05.350 [main] INFO  com.mangofactory.swagger.scanners.ApiListingReferenceScanner - Adding resource to group:ResourceGroup{groupName='用户api', position=0} with description:用户相关 for handler method:login
2015-12-30 10:46:05.350 [main] INFO  com.mangofactory.swagger.core.ClassOrApiAnnotationResourceGrouping - Group for method getSesssionInfo was 用户api
2015-12-30 10:46:05.373 [main] INFO  com.mangofactory.swagger.scanners.ApiListingReferenceScanner - Request mapping: getSesssionInfo belongs to groups: [[ResourceGroup{groupName='用户api', position=0}]] 
2015-12-30 10:46:05.374 [main] INFO  com.mangofactory.swagger.scanners.ApiListingReferenceScanner - Adding resource to group:ResourceGroup{groupName='用户api', position=0} with description:用户相关 for handler method:getSesssionInfo
2015-12-30 10:46:05.374 [main] INFO  com.mangofactory.swagger.core.ClassOrApiAnnotationResourceGrouping - Group for method updateSesssionInfo was 用户api
2015-12-30 10:46:05.375 [main] INFO  com.mangofactory.swagger.scanners.ApiListingReferenceScanner - Request mapping: updateSesssionInfo belongs to groups: [[ResourceGroup{groupName='用户api', position=0}]] 
2015-12-30 10:46:05.376 [main] INFO  com.mangofactory.swagger.scanners.ApiListingReferenceScanner - Adding resource to group:ResourceGroup{groupName='用户api', position=0} with description:用户相关 for handler method:updateSesssionInfo
2015-12-30 10:46:05.376 [main] INFO  com.mangofactory.swagger.core.ClassOrApiAnnotationResourceGrouping - Group for method generateSesssionInfo was 用户api
2015-12-30 10:46:05.380 [main] INFO  com.mangofactory.swagger.scanners.ApiListingReferenceScanner - Request mapping: generateSesssionInfo belongs to groups: [[ResourceGroup{groupName='用户api', position=0}]] 
2015-12-30 10:46:05.381 [main] INFO  com.mangofactory.swagger.scanners.ApiListingReferenceScanner - Adding resource to group:ResourceGroup{groupName='用户api', position=0} with description:用户相关 for handler method:generateSesssionInfo
2015-12-30 10:46:05.381 [main] INFO  com.mangofactory.swagger.core.ClassOrApiAnnotationResourceGrouping - Group for method invalidateSesssionInfo was 用户api
2015-12-30 10:46:05.382 [main] INFO  com.mangofactory.swagger.scanners.ApiListingReferenceScanner - Request mapping: invalidateSesssionInfo belongs to groups: [[ResourceGroup{groupName='用户api', position=0}]] 
2015-12-30 10:46:05.382 [main] INFO  com.mangofactory.swagger.scanners.ApiListingReferenceScanner - Adding resource to group:ResourceGroup{groupName='用户api', position=0} with description:用户相关 for handler method:invalidateSesssionInfo
2015-12-30 10:46:05.382 [main] INFO  com.mangofactory.swagger.core.ClassOrApiAnnotationResourceGrouping - Group for method handleUserCreateForm was 用户api
2015-12-30 10:46:05.382 [main] INFO  com.mangofactory.swagger.scanners.ApiListingReferenceScanner - Request mapping: handleUserCreateForm belongs to groups: [[ResourceGroup{groupName='用户api', position=0}]] 
2015-12-30 10:46:05.382 [main] INFO  com.mangofactory.swagger.scanners.ApiListingReferenceScanner - Adding resource to group:ResourceGroup{groupName='用户api', position=0} with description:用户相关 for handler method:handleUserCreateForm
2015-12-30 10:46:05.383 [main] INFO  com.mangofactory.swagger.core.ClassOrApiAnnotationResourceGrouping - Group for method findByUserId was 用户api
2015-12-30 10:46:05.383 [main] INFO  com.mangofactory.swagger.scanners.ApiListingReferenceScanner - Request mapping: findByUserId belongs to groups: [[ResourceGroup{groupName='用户api', position=0}]] 
2015-12-30 10:46:05.383 [main] INFO  com.mangofactory.swagger.scanners.ApiListingReferenceScanner - Adding resource to group:ResourceGroup{groupName='用户api', position=0} with description:用户相关 for handler method:findByUserId
2015-12-30 10:46:05.384 [main] INFO  com.mangofactory.swagger.core.ClassOrApiAnnotationResourceGrouping - Group for method findById was 用户api
2015-12-30 10:46:05.384 [main] INFO  com.mangofactory.swagger.scanners.ApiListingReferenceScanner - Request mapping: findById belongs to groups: [[ResourceGroup{groupName='用户api', position=0}]] 
2015-12-30 10:46:05.384 [main] INFO  com.mangofactory.swagger.scanners.ApiListingReferenceScanner - Adding resource to group:ResourceGroup{groupName='用户api', position=0} with description:用户相关 for handler method:findById
2015-12-30 10:46:05.384 [main] INFO  com.mangofactory.swagger.core.ClassOrApiAnnotationResourceGrouping - Group for method findByUsersId was 用户api
2015-12-30 10:46:05.384 [main] INFO  com.mangofactory.swagger.scanners.ApiListingReferenceScanner - Request mapping: findByUsersId belongs to groups: [[ResourceGroup{groupName='用户api', position=0}]] 
2015-12-30 10:46:05.384 [main] INFO  com.mangofactory.swagger.scanners.ApiListingReferenceScanner - Adding resource to group:ResourceGroup{groupName='用户api', position=0} with description:用户相关 for handler method:findByUsersId
2015-12-30 10:46:05.385 [main] INFO  com.mangofactory.swagger.core.ClassOrApiAnnotationResourceGrouping - Group for method uploadImage was 用户api
2015-12-30 10:46:05.385 [main] INFO  com.mangofactory.swagger.scanners.ApiListingReferenceScanner - Request mapping: uploadImage belongs to groups: [[ResourceGroup{groupName='用户api', position=0}]] 
2015-12-30 10:46:05.385 [main] INFO  com.mangofactory.swagger.scanners.ApiListingReferenceScanner - Adding resource to group:ResourceGroup{groupName='用户api', position=0} with description:用户相关 for handler method:uploadImage
2015-12-30 10:46:05.385 [main] INFO  com.mangofactory.swagger.core.ClassOrApiAnnotationResourceGrouping - Group for method authorized was 用户api
2015-12-30 10:46:05.385 [main] INFO  com.mangofactory.swagger.scanners.ApiListingReferenceScanner - Request mapping: authorized belongs to groups: [[ResourceGroup{groupName='用户api', position=0}]] 
2015-12-30 10:46:05.386 [main] INFO  com.mangofactory.swagger.scanners.ApiListingReferenceScanner - Adding resource to group:ResourceGroup{groupName='用户api', position=0} with description:用户相关 for handler method:authorized
2015-12-30 10:46:05.386 [main] INFO  com.mangofactory.swagger.core.RequestMappingEvaluator - RequestMappingInfo did not match any include patterns: | {[/mongo/produce/{value}],methods=[],params=[],headers=[],consumes=[],produces=[],custom=[]}
2015-12-30 10:46:05.386 [main] INFO  com.mangofactory.swagger.core.RequestMappingEvaluator - RequestMappingInfo did not match any include patterns: | {[/mq/produce/{value}],methods=[],params=[],headers=[],consumes=[],produces=[],custom=[]}
2015-12-30 10:46:05.386 [main] INFO  com.mangofactory.swagger.core.RequestMappingEvaluator - RequestMappingInfo did not match any include patterns: | {[/api-docs],methods=[GET],params=[],headers=[],consumes=[],produces=[],custom=[]}
2015-12-30 10:46:05.386 [main] INFO  com.mangofactory.swagger.core.RequestMappingEvaluator - RequestMappingInfo did not match any include patterns: | {[/api-docs/{swaggerGroup}/{apiDeclaration}],methods=[GET],params=[],headers=[],consumes=[],produces=[],custom=[]}
2015-12-30 10:46:05.386 [main] INFO  com.mangofactory.swagger.core.RequestMappingEvaluator - RequestMappingInfo did not match any include patterns: | {[/error],methods=[],params=[],headers=[],consumes=[],produces=[],custom=[]}
2015-12-30 10:46:05.386 [main] INFO  com.mangofactory.swagger.core.RequestMappingEvaluator - RequestMappingInfo did not match any include patterns: | {[/error],methods=[],params=[],headers=[],consumes=[],produces=[text/html],custom=[]}
2015-12-30 10:46:05.402 [main] INFO  com.mangofactory.swagger.scanners.ApiListingReferenceScanner - Created resource listing Path: /default/用户api Description: 用户api Position: 0
2015-12-30 10:46:06.087 [main] INFO  com.mangofactory.swagger.core.SwaggerApiResourceListing - Added a resource listing with (1) api resources: 
2015-12-30 10:46:06.088 [main] INFO  com.mangofactory.swagger.core.SwaggerApiResourceListing -   用户相关 at location: /api-docs/default/用户api
2015-12-30 10:46:06.128 [main] INFO  org.apache.coyote.http11.Http11NioProtocol - Initializing ProtocolHandler ["http-nio-9000"]
2015-12-30 10:46:06.140 [main] INFO  org.apache.coyote.http11.Http11NioProtocol - Starting ProtocolHandler ["http-nio-9000"]
2015-12-30 10:46:06.164 [main] INFO  org.apache.tomcat.util.net.NioSelectorPool - Using a shared selector for servlet write/read
2015-12-30 10:46:06.200 [main] INFO  org.springframework.boot.context.embedded.tomcat.TomcatEmbeddedServletContainer - Tomcat started on port(s): 9000 (http)
2015-12-30 10:46:06.300 [main] INFO  com.mm.dev.DevApplication - Started DevApplication in 23.657 seconds (JVM running for 25.14)
2015-12-30 10:46:17.669 [http-nio-9000-exec-2] INFO  org.apache.catalina.core.ContainerBase.[Tomcat].[localhost].[/] - Initializing Spring FrameworkServlet 'messageDispatcherServlet'
2015-12-30 10:46:17.669 [http-nio-9000-exec-2] INFO  org.springframework.ws.transport.http.MessageDispatcherServlet - FrameworkServlet 'messageDispatcherServlet': initialization started
2015-12-30 10:46:17.681 [http-nio-9000-exec-2] INFO  org.springframework.ws.soap.saaj.SaajSoapMessageFactory - Creating SAAJ 1.3 MessageFactory with SOAP 1.1 Protocol
2015-12-30 10:46:17.707 [http-nio-9000-exec-2] INFO  org.springframework.ws.transport.http.MessageDispatcherServlet - FrameworkServlet 'messageDispatcherServlet': initialization completed in 38 ms
2015-12-30 11:08:20.890 [http-nio-9000-exec-10] INFO  com.mm.dev.ws.service.StubHumanResourceService - Booking holiday for [Fri Oct 12 00:00:00 CST 2012 - Sat Oct 13 00:00:00 CST 2012] for [Gary Guo] 
2015-12-30 11:08:23.753 [http-nio-9000-exec-9] INFO  com.mm.dev.ws.service.StubHumanResourceService - Booking holiday for [Fri Oct 12 00:00:00 CST 2012 - Sat Oct 13 00:00:00 CST 2012] for [Gary Guo] 
2015-12-30 11:08:58.743 [http-nio-9000-exec-3] INFO  com.mm.dev.ws.service.StubHumanResourceService - Booking holiday for [Fri Oct 12 00:00:00 CST 2012 - Sat Oct 13 00:00:00 CST 2012] for [Gary Guo] 
2015-12-30 11:13:12.257 [redisMessageListenerContainer-1] ERROR org.springframework.data.redis.listener.RedisMessageListenerContainer - Connection failure occurred. Restarting subscription task after 5000 ms
2015-12-30 11:13:17.261 [redisMessageListenerContainer-2] ERROR org.springframework.data.redis.listener.RedisMessageListenerContainer - Connection failure occurred. Restarting subscription task after 5000 ms
2015-12-30 11:13:22.266 [redisMessageListenerContainer-3] ERROR org.springframework.data.redis.listener.RedisMessageListenerContainer - Connection failure occurred. Restarting subscription task after 5000 ms
2015-12-30 11:15:18.079 [redisMessageListenerContainer-4] ERROR org.springframework.data.redis.listener.RedisMessageListenerContainer - Connection failure occurred. Restarting subscription task after 5000 ms
2015-12-30 11:15:23.087 [redisMessageListenerContainer-5] ERROR org.springframework.data.redis.listener.RedisMessageListenerContainer - Connection failure occurred. Restarting subscription task after 5000 ms
2015-12-30 11:15:28.094 [redisMessageListenerContainer-6] ERROR org.springframework.data.redis.listener.RedisMessageListenerContainer - Connection failure occurred. Restarting subscription task after 5000 ms
2015-12-30 11:15:33.099 [redisMessageListenerContainer-7] ERROR org.springframework.data.redis.listener.RedisMessageListenerContainer - Connection failure occurred. Restarting subscription task after 5000 ms
2015-12-30 11:15:38.104 [redisMessageListenerContainer-8] ERROR org.springframework.data.redis.listener.RedisMessageListenerContainer - Connection failure occurred. Restarting subscription task after 5000 ms
2015-12-30 11:15:43.107 [redisMessageListenerContainer-9] ERROR org.springframework.data.redis.listener.RedisMessageListenerContainer - Connection failure occurred. Restarting subscription task after 5000 ms
2015-12-30 11:15:48.112 [redisMessageListenerContainer-10] ERROR org.springframework.data.redis.listener.RedisMessageListenerContainer - Connection failure occurred. Restarting subscription task after 5000 ms
2015-12-30 11:16:00.339 [http-nio-9000-exec-5] INFO  com.mm.dev.ws.service.StubHumanResourceService - Booking holiday for [Fri Oct 12 00:00:00 CST 2012 - Sat Oct 13 00:00:00 CST 2012] for [Gary Guo] 
2015-12-30 11:18:01.621 [http-nio-9000-exec-7] INFO  com.mm.dev.ws.service.StubHumanResourceService - Booking holiday for [Fri Oct 12 00:00:00 CST 2012 - Sat Oct 13 00:00:00 CST 2012] for [Gary Guo] 
2015-12-30 11:18:59.646 [http-nio-9000-exec-10] INFO  com.mm.dev.ws.service.StubHumanResourceService - Booking holiday for [Fri Oct 12 00:00:00 CST 2012 - Sat Oct 13 00:00:00 CST 2012] for [Gary Guo] 
